<?xml version="1.0" encoding="UTF-8" standalone="no"?><testsuite errors="0" failures="1" name="Config User" skipped="0" tests="2" time="9.88" timestamp="2026-01-14 11:48:15"><testcase name="Create user successfully"/><testcase name="User consulted successfully."><failure message="Código esperado: 200 pero se recibió: 404" type="java.lang.AssertionError">Código esperado: 200 pero se recibió: 404</failure><system-err>Código esperado: 200 pero se recibió: 404&#13;
io.petstore.swagger.stepDefinitions.UserGetStepDefinition.iCanValidateTheResponseOfServiceCode(UserGetStepDefinition.java:93)&#13;
✽.I can validate the response of service &lt;code&gt;(file:///C:/Users/pc/Documents/Serenity/petStoreService/src/test/resources/features/User.feature:16)&#13;
</system-err></testcase></testsuite>