<?xml version="1.0" encoding="UTF-8" standalone="no"?><testsuite errors="0" failures="1" name="Config User" skipped="0" tests="2" time="7.37" timestamp="2026-01-14 10:32:07"><testcase name="Create user successfully"/><testcase name="User consulted successfully."><failure message="&#13;&#10;Expected: &lt;200&gt;&#13;&#10;     but: was &lt;404&gt;" type="java.lang.AssertionError">&#13;
Expected: &lt;200&gt;&#13;
     but: was &lt;404&gt;</failure><system-err>&#13;
Expected: &lt;200&gt;&#13;
     but: was &lt;404&gt;&#13;
io.petstore.swagger.stepDefinitions.UserGetStepDefinition.iCanValidateTheResponseOfServiceCode(UserGetStepDefinition.java:89)&#13;
âœ½.I can validate the response of service &lt;code&gt;(file:///C:/Users/pc/Documents/Serenity/petStoreService/src/test/resources/features/User.feature:16)&#13;
</system-err></testcase></testsuite>